<?xml version="1.0" encoding="UTF-8"?>
<!-- Generated by org.testng.reporters.JUnitReportReporter -->
<testsuite hostname="Kritikas-MacBook-Air.local" failures="0" tests="4" name="api.test.UserTest" time="3.922" errors="0" timestamp="2024-03-23T18:50:33 GMT" skipped="0">
  <testcase classname="api.test.UserTest" name="testPostUser" time="1.453"/>
  <testcase classname="api.test.UserTest" name="testGetUserByName" time="0.602"/>
  <testcase classname="api.test.UserTest" name="testUpdateUserByName" time="1.271"/>
  <testcase classname="api.test.UserTest" name="testDeleteUserByName" time="0.596"/>
</testsuite> <!-- api.test.UserTest -->
