<?xml version="1.0" encoding="UTF-8"?>
<!-- Generated by org.testng.reporters.JUnitReportReporter -->
<testsuite hostname="Kritikas-MacBook-Air.local" failures="0" tests="6" name="api.test.DDTest" time="4.690" errors="0" timestamp="2024-03-22T00:08:31 GMT" skipped="0">
  <testcase classname="api.test.DDTest" name="testPostUser" time="0.649"/>
  <testcase classname="api.test.DDTest" name="testPostUser" time="1.452"/>
  <testcase classname="api.test.DDTest" name="testPostUser" time="0.642"/>
  <testcase classname="api.test.DDTest" name="testDeleteUserByName" time="0.650"/>
  <testcase classname="api.test.DDTest" name="testDeleteUserByName" time="0.649"/>
  <testcase classname="api.test.DDTest" name="testDeleteUserByName" time="0.648"/>
</testsuite> <!-- api.test.DDTest -->
